16 216 162 260 74 258 237 147 90 5 112 12 215 233 178 52 274
7 167 117 195 269 119 265 145
13 0 253 73 42 118 98 223 182 43 229 94 257 183
13 180 72 203 95 225 19 166 172 222 68 89 83 152
21 116 8 246 220 193 107 57 39 102 239 295 177 93 201 238 51 192 100 251 272 84
13 296 127 144 267 226 277 128 146 254 268 191 181 289
10 168 298 235 139 20 115 59 297 231 194
16 54 148 276 290 187 213 281 50 11 124 255 292 71 126 1 9
20 34 110 4 299 133 18 200 245 204 82 243 22 6 10 205 264 104 189 211 165
14 108 60 79 232 174 14 27 248 266 66 120 186 135 151
14 85 80 62 105 157 236 199 31 55 142 30 97 278 149
18 275 161 137 150 156 96 244 111 109 140 25 35 78 280 17 47 143 247
14 87 103 24 13 218 263 261 53 32 40 185 209 288 46
18 41 88 259 273 63 224 28 202 158 160 48 101 291 242 176 123 173 130
15 184 75 125 21 230 284 3 61 287 155 154 262 240 49 132
18 164 7 286 210 171 44 113 214 64 207 197 190 70 16 196 141 256 208
17 249 134 136 227 56 38 217 271 170 114 283 81 219 67 206 37 153
16 99 159 92 285 129 91 282 121 86 163 138 106 228 69 77 175
21 212 294 58 15 198 188 29 241 122 26 23 76 131 45 250 252 279 270 293 169 2
0
0
0
0
0
0
0
0
0
0
0
0
0
0
0
0
0
0
0
0
0
0
0
0
0
0
0
0
0
0
0
0
0
0
0
0
0
0
0
0
0
0
0
0
0
0
0
0
0
0
0
0
0
0
0
0
0
0
0
0
0
0
0
0
0
0
0
0
0
0
0
0
0
0
0
0
0
0
0
0
0
