22 3696 9392 4213 7301 8214 9482 9167 8017 5171 4789 2768 2004 9017 3383 4961 7845 5740 9338 2993 3780 9940 5697
4 8640 5716 4829 5441
20 6252 5913 5861 3974 833 3584 2874 7222 2042 7651 5981 5904 2903 3577 8286 8944 4548 6817 5889 9721
27 7463 1005 9979 6361 2296 1438 7129 271 5996 4109 6202 9104 5719 5678 5228 595 5994 9496 5076 9980 365 9474 2504 4290 4368 260 2528
28 9913 2031 3112 5433 3784 9731 4227 9288 1790 8026 1924 8450 4701 3404 3893 2325 4567 8729 6282 2459 5286 1462 7593 7821 7427 9960 8612 4268
29 4839 6695 477 699 9691 1142 615 3022 1693 2171 2122 7712 7866 5092 4212 4237 1125 9348 1901 7377 1298 7247 5275 44 9615 5515 3703 9499 6405
10 7109 3740 127 9458 6587 3465 1197 8244 1844 7641
22 7399 7877 5402 3918 2942 8435 1625 3129 4686 1977 5422 1232 2661 64 9234 1700 118 3499 3874 7414 2513 9287
23 88 84 157 6424 7711 5358 1734 4164 9890 3193 9541 5908 6948 441 2752 3706 6500 416 8619 7343 8080 3064 6870
24 1757 29 5971 5387 6493 7846 9320 2455 4863 9042 4595 3729 9732 4650 7378 8084 4178 9206 1788 8090 4424 7123 1653 9906
30 1560 5343 5237 8274 7574 3375 8681 6034 9576 4371 8782 1259 4939 8598 7587 8775 3392 5810 9092 6175 1851 8966 75 7639 36 7833 9971 9454 7289 3880
23 2920 7913 9100 6893 3315 286 7573 5700 9810 7620 7394 8544 836 2749 185 5128 9258 4427 4401 5895 7996 2243 5586
27 303 7862 4245 751 4541 9570 3746 5160 4871 4937 8150 9302 5385 1277 9727 9863 1885 3545 7201 7997 6487 2136 8572 383 1972 6533 7731
24 5018 4435 6269 2424 8262 8020 5060 9401 7779 7940 7132 6326 5484 8689 1606 2162 5643 9126 3189 6701 8398 8508 8770 2848
28 4377 9799 3245 1773 3104 4815 9757 3319 6825 7933 5809 4924 8760 3285 3992 6578 129 7886 7330 9531 2028 2202 4600 7484 1408 8308 8087 4091
16 5868 3457 8189 726 5890 5205 6711 5182 6498 7232 6584 8876 2394 105 9377 4476
28 8292 4214 6656 3540 7585 3426 5888 6293 39 8413 8099 5559 6820 8169 9183 7520 227 7400 9825 8709 4425 6852 4577 1552 623 4901 8372 7789
28 4008 789 9011 6563 7092 2696 9684 7941 459 5031 5933 3570 8963 3593 1624 6187 3299 8841 7405 1351 2873 7961 1919 5671 5776 5812 6294 1261
16 1543 2576 585 7318 8965 9230 7368 510 4982 6801 2331 1574 4151 2070 251 5273
19 1066 8758 1908 6742 8989 4481 6380 3532 8617 2525 3421 7075 7264 6419 4504 9007 5749 831 1300
10 4094 117 1978 1724 3276 1860 8715 7638 9927 6441
21 9313 2356 5304 6633 1228 7210 6164 3381 9231 589 9423 5590 4917 3217 1661 3934 7989 1726 1301 2540 5398
29 1335 1414 4208 6752 6200 2382 2060 3435 1256 9357 7037 7334 1715 4718 9247 3573 4992 1229 7969 5696 6432 3440 9745 9145 1467 2671 8152 6978 4725
4 7013 8605 5883 8808
33 5440 2166 9087 965 9286 8856 7685 832 8191 7171 5951 9132 5310 5009 4800 9837 8603 3173 5486 3145 1444 6906 2378 2158 110 5762 1127 2490 6390 2905 5536 8690 4042
29 7928 3693 7028 627 1100 7927 3073 6842 1102 8665 1985 649 5915 9553 3752 1840 8688 7672 5072 1857 7832 8221 1621 4015 7992 7485 6770 1837 6665
14 7965 3855 8406 219 3333 7948 9404 9217 9942 6136 5248 7968 1082 8850
15 6466 273 55 583 7229 2589 6740 5282 2967 1222 3732 3169 1325 6850 1159
16 2949 4494 9187 9166 3651 1192 9021 5898 6049 5673 307 1419 7964 8168 9025 3347
30 3629 4143 7141 4098 6794 8055 8426 8902 951 4656 6182 552 7041 403 120 1660 8033 130 2622 5163 624 2546 9894 9686 654 9059 2890 995 2836 2337
22 5970 9550 7665 9232 5835 5099 5256 959 6880 2844 276 5577 9683 7976 1696 3684 9509 6394 9601 2289 3589 8377
20 5299 3147 5008 2989 3498 8904 8105 3277 8986 2567 8525 9122 132 673 3192 9891 7603 5599 2280 8337
20 2519 3257 3976 9965 4299 2112 7692 1565 1725 8869 2035 5001 4062 5372 8186 2021 4747 7743 72 5969
21 9707 8932 5491 8629 4635 9944 2605 3795 3054 7636 5701 2667 9424 1785 3171 603 860 4199 1813 1961 8057
9 2135 6529 8425 5113 1973 7045 9143 8253 3749
20 1209 568 4066 4536 1609 3608 1590 3212 512 4188 3813 748 3419 3711 9760 5121 8724 4741 4277 1055
33 6002 4855 6115 7088 4546 1090 4184 5507 7870 3972 3433 7746 7693 542 9438 4802 7689 4562 6047 8074 4660 4459 1566 4745 8845 6759 4146 1484 6448 9642 5434 3858 9131
29 1992 1269 5517 212 6340 9981 8938 178 7907 9031 6915 6800 6140 953 5026 774 4845 2396 2148 9957 8528 2974 5109 8356 5264 2046 3274 8260 2609
20 3869 9670 3527 2357 7346 6319 8492 2478 3841 125 7974 5257 2895 1049 9468 5493 6616 9792 9396 9227
10 719 9158 5193 9346 1706 6934 6792 4510 1377 1923
27 2432 5424 6044 1637 4583 9920 7631 4228 4029 2105 7816 843 8798 9324 9508 4851 5715 495 964 8252 4438 264 2529 1636 5077 1865 8594
26 9393 9283 9581 1332 8711 8953 8533 1875 2444 2535 5872 8621 9480 7497 7371 2336 4222 1730 8322 9525 526 8036 5814 4896 5404 5179
19 7956 5381 394 6654 3826 9306 3779 8419 3936 451 8771 8315 3094 236 5750 5806 8174 3014 4158
25 1178 6762 8990 2095 8407 8312 4832 1424 1394 4092 7521 1782 8887 334 6145 270 4943 960 8114 1129 1288 4841 9850 6433 2845
29 5335 5885 8342 8489 3640 8449 4833 5771 2056 2409 6580 4664 244 2388 4857 1831 7624 6292 3154 2443 7914 4280 5850 1548 8461 7851 4783 2824 4321
20 3253 1353 8184 7113 4853 9789 8511 8918 1747 2765 2756 1976 7966 8006 5930 3769 2638 4599 1356 6559
23 2571 7108 2110 1338 7474 9882 5302 6864 235 8974 5651 1154 3832 5705 205 6553 6084 3835 2114 1350 9876 3860 6721
28 3580 6662 4260 4537 4935 6296 4867 6409 5054 2981 4244 1292 7987 1907 8289 1720 6785 7106 9828 9389 1763 3889 8132 3922 4077 3687 5508 3346
37 6783 4894 5245 5393 2293 1121 482 9549 7698 3051 4880 1436 6331 6727 1271 1203 9968 2713 7547 8748 5097 9661 9870 6754 8427 7591 868 2493 3642 5940 5030 644 8684 6700 7722 2814 5370
13 1315 6228 5027 7810 9463 5480 3246 5752 1881 6074 3533 4049 8870
12 677 5991 3503 2371 6841 4581 4271 8751 6417 6445 770 3313
9 3156 7119 7864 3148 2838 3202 5669 316 962
4 6403 3119 5366 6544
23 2695 5902 2828 1384 6849 6851 7355 4651 7288 3011 7353 6608 2995 6314 4946 6256 1540 8949 8411 8265 4803 8131 3569
34 4078 8102 1407 6123 9985 854 9180 5866 9177 691 4989 2898 3997 15 8481 639 7529 4993 9331 8258 1485 2871 2199 6328 5795 7022 4216 6586 573 6731 7083 7136 7112 1573
11 187 1135 5284 4351 801 6469 4461 1358 9437 7596 1284
33 1515 1735 3667 6139 817 2714 3067 7546 1994 3938 506 9118 8037 8652 5844 6426 8843 2229 8547 543 2268 3201 7094 9239 974 7032 3519 1333 3280 7052 2321 9004 8054
32 8310 4307 1888 61 3168 1492 8739 5006 5307 7882 3759 4617 886 1309 8316 890 6683 2498 946 9943 7328 3244 8651 9211 7027 8756 8499 9606 3872 5224 432 9532
26 6670 4877 6457 315 6804 1267 5892 2442 9832 7162 7344 1459 3496 5373 4582 5785 731 5220 4925 8975 3206 1542 7044 2697 1892 2724
39 6412 8728 3410 5227 7398 9128 166 2915 7372 2783 6966 7096 3418 4497 7629 1643 7361 1692 9319 3845 8428 2526 866 4569 7189 1989 4262 2282 3897 3670 1401 7029 9794 7348 6107 3762 662 2794 5631
12 7475 6135 5654 5369 5554 326 950 4205 8973 3393 7812 5903
26 4525 9675 8395 9291 8029 3138 457 8991 8128 8173 2368 1521 2948 1330 9106 8550 1946 3137 9460 8931 2560 1853 8732 8885 5266 3367
19 8773 6910 4121 5640 7351 5575 50 3777 6267 7240 858 3834 7050 6011 6702 3971 9747 758 2618
16 4309 4379 1993 8213 6502 3358 3438 3878 7932 3801 6371 2488 9922 8352 8089 5652
20 8175 3442 580 1794 1170 3596 9452 5466 481 3717 6903 9135 8555 1182 7456 8968 9750 8666 535 638
22 6031 211 1721 9228 1008 1679 4685 5556 8437 8359 4322 4102 5288 4341 3884 8409 2188 8934 5551 4451 1758 9430
13 474 2327 4873 7156 6199 2736 932 9203 5459 421 6093 4790 3617
33 2465 3371 8559 8509 5218 4693 7104 2523 825 3585 483 1627 6480 2173 5356 1752 6905 7920 586 7164 8291 4198 2611 3553 9665 6812 7233 6010 5634 2301 7869 8717 1579
29 9976 6541 4475 7180 2791 6786 5954 4202 1684 8955 6244 81 1947 6921 6821 2596 9571 7403 7978 363 5448 8805 7970 2120 9069 49 8943 3741 9915
19 3607 8950 8587 6404 4428 9246 7768 284 146 6989 6716 2343 8111 5084 781 5015 1354 3265 6917
23 5497 8024 9974 1251 1959 6261 4930 9948 3609 2842 7221 4784 3231 3079 4038 2945 6712 6366 5061 8725 1818 3242 9914
24 9847 1883 7287 2079 945 3424 277 7637 9696 8133 2825 2852 7643 396 4776 4677 7817 402 4472 1967 9043 515 2486 3111
12 8878 2132 1647 4007 8951 2802 4477 9652 7501 1199 3550 4471
11 9752 541 7640 2418 6545 6388 651 4812 2064 2287 4332
13 2735 4090 5406 3239 7227 6154 1704 9115 7473 5609 8685 6032 6470
17 9084 9121 5475 4694 5796 1373 5863 5468 3318 2650 2363 1877 9814 5148 7350 5474 2544
21 7429 9046 8158 8073 6338 5621 3701 6024 9466 4327 659 6932 6566 6211 3070 4248 4533 4487 6262 5597 6686
28 7657 8840 8564 8557 6658 3170 6053 9487 782 2731 3493 6618 4089 4714 2043 1166 6775 8764 4543 7090 5482 6600 3864 1225 6844 4540 3559 1929
19 5693 2278 7849 666 458 3694 8819 8935 8153 213 253 5336 1214 1270 631 9257 7228 7335 1718
30 672 3197 2748 2742 4154 6352 3047 1910 9202 4605 1738 6672 508 7691 2397 9881 5725 5909 8576 6798 1749 3074 2553 3312 7261 7803 8797 9198 3012 6185
16 6822 6189 5875 1852 530 5425 5957 4376 7579 7019 6359 9478 3211 7806 3436 492
26 549 1866 1194 8803 6141 6078 7595 5803 7274 137 793 2063 5734 4614 7917 6666 8846 7607 3716 3240 5207 5162 3422 7702 3284 2169
22 9619 6724 9820 8484 7891 9144 9252 1236 4067 149 534 3628 7047 1906 3662 2342 8124 755 1698 13 7042 4955
31 1305 311 475 5050 5837 1768 8266 544 4564 3007 8218 8108 6436 1832 6612 28 6490 4740 4187 5585 9342 5677 8633 4766 1202 7163 797 86 9938 391 3812
13 9563 3647 6325 8680 6124 336 9715 3268 5555 410 6717 1472 3618
32 6263 3149 6649 2313 7455 9347 8376 8774 9559 4225 4705 6446 3663 1676 1480 5608 576 2400 2837 9384 1690 1719 7720 2816 743 2699 2569 9413 4367 4530 6080 5682
30 5192 6961 489 6780 8783 3575 9996 874 1276 5955 5156 3818 952 1101 2477 9844 2191 9444 2994 5168 2524 7652 5111 1089 8985 4751 3727 8910 7476 406
33 3055 1528 1563 2209 175 5792 2174 3862 3425 8193 4263 9358 9542 9250 186 7099 1671 359 7449 7925 5119 5947 2579 8012 4462 3423 3162 480 4261 6993 3107 231 2658
29 1097 2559 5222 190 5743 7319 6003 9804 7253 5409 4872 8984 7805 8610 1541 5176 6240 4590 6540 9275 7302 6588 2858 6092 3600 5644 5003 9461 4319
27 4601 768 8586 6304 4630 1904 7337 8504 7239 5619 9667 1598 6722 3328 9103 5016 3962 7265 9594 2555 1131 3084 8100 2307 5811 1823 8375
20 9003 920 3564 4644 6251 7457 3843 8373 2370 689 3595 9403 3389 604 5703 1795 7530 669 1226 4124
24 2247 9901 3049 1605 2538 7677 4794 2539 4088 4957 1884 4485 7278 2406 5526 3895 7727 319 2228 7865 9333 5780 5753 6087
4 2015 7097 1686 2591
22 4742 1833 8520 3409 1874 2184 272 7231 1317 8976 1435 8863 8015 983 8050 6229 7242 9840 6782 2238 8123 9326
13 700 5341 3692 5881 3708 7926 5768 1681 4272 9880 3237 8567 8596
9 423 8518 1512 7451 2335 4421 3105 2573 3848
23 1273 3030 2324 5808 4959 9595 6206 419 1628 2754 494 6593 524 7654 4221 6726 592 356 7582 9704 8920 3736 8047
25 8731 957 3008 8458 1778 412 5999 9351 2595 1761 1145 7939 9244 7820 4974 2334 3587 5938 9066 7053 4753 3172 1230 1510 9472
34 6689 7957 6456 6843 7435 7198 5721 933 4953 5853 6422 2362 7066 3909 9701 9823 1264 4266 3574 7363 1668 7260 1094 7345 347 4719 9932 6354 1172 6477 1599 2312 20 939
11 8890 9848 6264 6372 7299 3151 5378 9178 289 2298 7356
29 9514 7612 7320 2106 2143 2511 1054 3833 4493 4344 4858 7903 3905 3308 7384 1756 7879 7790 3359 985 4026 8905 5327 3226 1076 9854 390 6991 5361
25 2720 1105 1949 4171 6346 8860 2072 9912 408 8345 9150 5767 8811 7340 1026 7160 5196 5736 8777 9953 9759 3644 12 7537 6350
13 7861 3988 2176 3283 5568 3004 1056 2727 6022 8333 1825 3612 2411
17 3090 3654 1320 9917 2956 6552 2950 634 262 207 6992 2779 9719 2310 598 8429 6191
35 713 2986 4882 2944 3430 318 208 8259 9742 7445 7604 6757 4498 1532 2846 2179 8097 1071 6423 5529 3856 4902 3437 500 1025 2367 6935 8255 4447 5867 58 3931 5817 8137 7049
22 6277 6706 297 9626 8698 1447 4781 2123 2711 1363 7572 8637 8219 4137 607 3215 1583 5847 6416 5635 67 1626
30 5934 4984 9852 4455 6410 2896 4035 9262 2706 6657 7770 9859 5630 3592 1842 4316 7454 5763 6847 1925 9893 8230 6285 3576 131 9781 6944 7311 325 8350
16 6901 6039 8815 2933 6692 5943 5793 5186 6661 1347 9885 299 2764 9210 8226 4348
18 6815 9935 7116 3384 9813 8309 9349 8031 7195 1654 3001 7623 5924 4676 7597 4054 9317 7058
22 7070 7561 6900 7186 9402 4648 6951 3632 4869 9681 4786 2979 1523 8164 2121 5481 9987 7796 1822 7021 2213 2939
17 4679 3949 252 147 523 8987 9192 3135 9767 1042 1743 4621 8526 8914 4022 9648 9765
21 5445 6745 3338 7762 2558 2156 7167 9229 6462 8549 8565 1769 3158 158 6310 5884 51 4556 2252 1809 1699
16 2883 4948 6004 1218 2537 9071 9199 9186 7844 4640 8712 1506 5037 1173 5348 1962
25 3817 4618 9649 2426 1869 4048 2769 1255 9330 6353 928 3078 9162 1824 9725 4817 6555 2575 3243 3302 182 204 7977 6676 3286
6 9305 7952 6694 9405 7325 7678
32 4059 24 6952 2774 19 9090 4223 4084 8464 2651 6026 8671 8228 3122 2115 9911 2766 1188 698 5880 238 1982 6854 8197 4681 3076 8354 1007 5775 6889 4735 1204
36 1138 8204 7293 1784 1372 8459 7224 3512 1111 8445 7916 9263 9133 9222 9822 7931 2829 3127 3924 3282 1702 4746 771 7853 803 8234 4900 1174 6732 3350 5787 3627 2843 7303 906 1247
30 5324 5717 6965 8290 2147 7226 5503 9410 2857 8800 4397 5074 5569 8871 1612 8627 8307 4682 2175 6891 2398 6790 4122 6687 1360 7878 3140 401 9387 5293
22 1867 9216 6160 9733 3249 739 9052 2784 3092 7602 5663 8995 1239 9900 4838 8623 1732 4931 8501 756 8078 3458
20 4758 567 6329 1024 513 9869 9251 17 6226 4082 3198 1712 1153 8267 2830 6250 234 5854 5029 7441
7 6381 6321 9366 8129 1727 5681 7362
24 2917 113 3546 6150 8346 1655 3885 5234 8546 8239 7918 5005 153 1850 9630 8473 6709 5215 784 4864 4545 2689 4823 2964
20 769 3578 5679 2977 7502 399 678 5122 3141 2960 8242 449 9835 4571 7721 1890 9756 4361 4337 5857
35 519 2316 734 1879 3990 3849 5214 4875 8614 5187 5642 9923 2665 2753 6081 4247 3731 3432 3645 2341 2024 9643 9185 3613 2876 3018 5277 8340 4010 9432 9690 1731 7496 9334 557
39 4071 8179 7188 5615 4706 842 5112 4200 5089 1010 4246 417 3398 8379 5713 5962 2292 6930 6909 3476 947 6743 3847 6038 3796 6763 6697 3917 7852 4182 7089 3048 1242 4509 6933 5942 3417 1951 7111
27 606 6916 3555 2008 6607 7329 200 5535 1200 4404 3270 611 7209 7276 9604 7555 9639 8620 9006 7935 7009 8601 5561 6289 8436 3943 2951
35 8708 372 3281 7911 5727 3579 1013 1635 6307 3991 3602 2992 2577 5135 8882 1311 254 8510 1709 5658 1075 8656 8513 42 4004 3823 9204 2872 9414 4193 6725 1295 5798 7002 5848
10 3549 8962 7468 7854 4952 3175 5831 9608 794 142
34 7499 4058 8420 6418 6485 4387 9544 5189 3396 2305 1272 2464 6270 3345 9975 377 2264 9592 6203 4899 2506 2978 5002 2719 6117 6429 1183 8757 9032 3890 4189 1576 998 6111
23 1776 8271 7687 1803 4907 865 6391 5039 3948 6234 8917 4460 5625 5349 5007 3412 2763 5946 7170 5960 7950 7035 5232
36 3307 9523 3025 610 4056 7140 1630 6110 9851 4910 3188 2518 6454 9341 708 7309 3228 9623 3811 65 2636 683 5364 386 1964 7871 3935 7439 7258 6623 7828 5354 1495 5760 2839 4186
29 8477 2233 3758 206 6450 4207 1863 8035 3205 9440 5824 5879 1096 4539 5042 6772 5032 7552 414 6928 735 8522 4837 5707 1216 4996 431 1887 1134
21 6663 4637 5649 8412 1415 7829 3394 5708 2938 9998 8692 613 6509 5164 6690 3558 5423 2879 6685 2329 9281
30 5235 2738 2536 7357 1524 7567 172 9018 8421 6089 4415 2547 1198 275 9908 6231 1130 6617 3567 2685 8697 3091 9041 2182 4859 4269 2730 3335 980 144
28 5300 4842 9207 2429 7709 3294 109 7471 8323 1030 9845 2856 2235 152 233 3635 1918 9295 2010 9323 574 532 2005 2096 5596 8211 5790 9573
9 9409 9449 9613 1474 2355 6237 9612 1820 6190
30 3167 268 3655 7512 3572 9316 3786 6327 6729 7135 2128 7103 7794 4561 2383 6713 4219 5929 2861 8299 5019 8362 5754 2454 8206 140 1398 5051 1633 7093
24 563 1422 2680 5959 6437 9299 4840 1988 7538 3300 7137 6249 3582 7396 4448 6095 6781 1928 8423 7888 5460 7166 3838 4592
12 9679 7114 4414 6924 6068 6756 9830 5566 2934 6575 9617 4027
25 5860 222 2020 4788 1227 658 9864 5815 4756 4819 2548 8988 670 3449 4985 3406 3756 5687 7571 6037 1205 7126 1808 7784 9831
15 8670 3536 6823 4152 7121 7030 9173 6964 5927 6535 6631 4203 7565 9517 5841
29 9888 1323 400 493 1792 2250 9457 8353 2640 7150 3986 5094 9884 2580 2144 5552 9748 6126 2047 4118 7023 7144 8625 4458 1367 7834 8939 1547 2163
36 6807 5598 1815 3697 3005 7230 3329 9602 5636 6473 5650 2771 8804 7745 4696 8585 2972 3278 5155 3959 6167 1525 8569 6483 7327 7486 6532 2267 5118 7332 3733 8321 7489 4723 2200 4047
30 2061 9411 2531 8149 9406 7553 1697 1986 4613 7494 4986 772 97 6248 1584 2607 3295 9155 2959 3494 1682 3960 3598 5542 5612 652 5685 107 8138 6242
19 5086 961 445 2507 2297 4449 3450 9659 5353 8140 3689 1572 4631 220 6988 7218 4811 9753 3664
16 7929 741 9020 554 6912 8493 7370 1104 1638 9056 8460 90 5384 6776 1806 641
30 7401 622 8086 1406 2928 2642 989 5477 7382 9171 3802 91 3062 8542 6161 1393 4667 9800 5523 894 2204 5984 525 7752 3526 2255 4991 6335 8503 3688
17 2384 1411 9193 2789 7786 4674 6079 5270 2514 925 8781 3899 7437 5735 9196 2457 4338
20 6831 3103 8578 2480 4969 1710 163 6680 9407 3907 7615 1854 528 4579 6303 5842 7268 6177 5977 5504
18 9325 2912 5161 8787 1113 2963 661 7379 2291 7275 7488 3597 8960 3115 6926 7507 242 5071
12 3444 4150 7799 8227 9076 4757 869 7008 3871 5055 8980 6507
16 5769 2869 2941 3321 693 1187 1632 8972 8734 4737 8005 8611 5791 7251 3945 685
40 9140 3743 6913 5572 8370 8410 7934 572 2732 6407 930 4130 5014 4163 7339 7793 4690 5073 8400 5389 2437 958 4903 3455 3379 941 1370 5905 1975 4598 4926 2775 8942 3254 8386 9390 5964 2185 8008 2586
18 8703 1664 8675 9698 2603 7993 2512 7804 6947 2283 4240 4672 9005 2094 2594 56 7649 8453
16 7040 4346 4495 4586 1838 7889 7704 3160 9412 1564 3614 1416 5956 4521 3700 6960
25 8329 3471 6767 8630 3236 2641 3196 5746 3601 9012 6125 1 8937 3117 3261 1455 7984 5567 3044 7998 3269 6953 4489 3235 5478
10 6198 4687 696 4885 9459 362 3604 2098 5563 1003
13 375 7716 5098 6219 5401 4678 404 6976 4580 5661 5449 3110 8480
19 1040 7064 8302 2520 608 8040 4703 9634 3537 6643 7043 4006 8753 5333 5412 4275 5011 3042 994
26 8736 6884 3334 8868 4806 8530 645 4099 2505 7513 9741 2557 9826 5694 4168 806 2237 5463 5346 3728 9200 7617 4813 9484 5988 5629
24 5213 5948 3208 5856 2681 9385 313 8190 578 4206 5219 4211 2359 7904 7177 8165 2739 8704 7185 2647 6194 6046 8251 8044
14 7020 8713 4233 3354 267 2207 1263 6744 9798 1382 2485 5456 2894 5067
8 3311 499 5250 8553 1645 4295 6853 5415
31 5858 6239 199 596 6523 6196 6272 1511 3785 8018 2164 7145 215 4394 490 692 889 5102 3828 8076 3013 9966 4023 3023 764 8451 4399 913 3652 4220 2117
15 9473 5818 5487 2975 1208 5379 6970 9428 3161 1107 504 3273 7416 4310 2300
29 8209 5744 4170 3989 4080 4666 6526 4021 9645 4441 7197 2467 1392 1368 3121 5532 6542 7016 9862 2003 7517 6144 5438 8483 879 3113 5647 5592 4013
8 1651 1421 8088 8235 1128 2908 9782 9860
16 1593 3029 368 3767 171 6204 5419 1618 3337 1829 1526 4922 5773 3787 5150 3679
13 6558 3459 245 7248 119 4782 9130 4017 5553 8776 9235 7480 4949
19 1984 4437 2422 8832 6836 439 8766 4411 7291 9034 9399 4215 8723 4994 4769 2421 749 8185 9776
19 902 3865 3403 975 9947 98 9179 7732 9481 7769 7498 2910 2034 5804 8177 278 4950 9708 5059
10 9137 4352 6630 1004 7508 6515 5272 176 5047 5865
13 2788 2957 3603 9925 1933 2522 752 6351 1713 8825 1425 1570 3975
21 8848 7792 3510 6475 5352 942 8118 7730 5400 7715 599 7122 6330 7954 5399 7509 7395 2253 4883 1293 4987
11 3951 5510 5983 3516 5784 6796 5095 3637 4273 6650 8022
27 4511 4255 7737 5511 8768 5751 300 3839 4278 9632 716 8691 8446 3761 7142 6581 6176 8068 9435 4732 9591 6626 5828 3837 2361 7154 9834
23 2006 5295 6173 46 7068 7176 1748 4087 4055 9879 1468 8593 6129 2517 1971 1440 7526 2249 6828 2353 1120 9711 590
17 6747 5332 4074 4357 4009 8933 6679 5217 6990 9807 5115 6599 5461 2318 955 4242 9146
22 5990 5698 6765 7085 1797 908 2374 1981 2882 4942 1516 9456 2242 2646 3927 8457 7038 143 4908 2628 1479 6994
7 2026 4661 1221 5212 7662 1817 6644
12 8021 9666 3068 7196 9763 6464 5363 5820 1987 7744 9714 4292
24 2436 5049 502 6710 5303 2999 8642 9364 7761 715 4236 30 538 4669 1921 1471 4217 4878 9470 4963 9422 9961 287 9693
27 2899 892 7406 128 435 100 8403 1250 7633 5764 9611 463 857 8326 1814 6486 4730 5851 7280 4142 1607 7300 9568 9296 7831 7881 8543
20 864 6208 5593 967 2760 8661 5537 77 6714 3980 3707 9170 2672 1648 3998 8964 6005 9909 1677 7825
25 5359 9255 3066 9512 2551 6132 106 2054 6179 987 9000 8027 9983 6146 3256 4535 9212 7354 3336 6525 9522 5022 1764 9999 6514
12 6877 4194 2566 935 5287 553 6243 1067 5138 5545 3984 6919
24 6735 5377 3842 6438 1557 823 5088 5405 2809 1531 5188 2125 9843 1235 8969 470 2733 4201 291 8497 2131 3745 4324 8070
20 8699 9274 442 4733 3220 1365 7777 2240 4433 2958 5462 4085 133 5664 5259 4805 1956 2376 3562 8789
30 5034 2401 839 4020 7628 5584 7342 8220 1297 2065 6106 3561 4086 6059 9783 6116 1519 855 3387 7590 8117 2811 4298 9808 3950 7039 667 8091 4531 7459
9 7575 1670 798 165 1517 1336 7051 7751 5408
28 8104 3368 601 5627 9949 2673 5045 7697 5064 9298 7755 9085 2859 4997 3763 5396 8317 1836 7855 9855 1811 7084 1404 2725 8238 1641 7215 5714
29 9685 1489 9267 7086 9680 1729 3789 7364 7282 9809 7187 3507 5864 740 7007 8524 8325 5183 701 4097 1167 7168 8900 5788 7338 4474 7938 2998 2134
17 8566 8462 8207 511 3502 2473 9044 2088 3956 6918 2750 5676 7283 4861 8384 7281 7017
14 7082 9556 6255 3199 1634 7284 7071 4936 9903 3063 1801 6311 2926 3969
11 9768 1588 2690 1252 8071 2625 9622 5407 296 455 8120
9 328 6741 4848 3739 2119 8303 8364 3702 3134
27 1689 7648 8915 2338 6305 5830 8272 5910 3799 1470 5380 5314 7570 4407 3399 9363 5645 2980 478 1950 3497 1274 8276 7813 7568 1137 9536
18 9191 8328 2649 6703 6023 7535 6491 1302 5123 6838 1389 1695 8828 829 6499 5825 9635 2659
16 8792 2881 9511 9116 5453 7448 4798 4588 2615 1691 5961 2878 899 2914 3987 3620
11 6377 5000 3881 5893 8570 8663 1507 6193 1663 3965 2055
10 5500 4836 9897 388 4301 2987 7705 763 3543 9354
16 8277 697 9030 977 1835 871 382 5941 3509 8366 4378 3182 5180 7506 6521 3279
27 8979 3461 9469 5920 8682 922 6216 8167 3165 8257 6865 5610 4014 912 7259 9113 8264 5274 600 1780 7667 6867 1445 2746 1868 9775 2172
20 3891 1002 2025 3075 5210 4964 4547 8304 619 9597 6347 4166 2860 9726 7054 9309 8222 4364 4568 9766
25 7428 4196 565 2261 8575 9419 66 9889 9265 3531 883 6596 1810 9607 2561 7788 9269 8810 7706 2820 6214 1285 5044 8541 9176
18 1674 9627 4980 4064 3445 5069 4639 990 9641 7564 3466 4824 680 3027 333 9318 3374 8330
15 5710 2118 4153 3554 849 559 6589 2275 4623 3691 7872 2804 8007 7147 3028
12 8967 3911 971 9898 9956 5065 8648 3378 8897 6258 295 9476
26 8447 8254 3840 7492 4764 9972 6484 9054 1466 7898 8646 1337 257 4144 420 344 3730 625 2083 1380 60 7611 5368 845 9577 8957
23 1530 6669 6220 3583 2781 4593 4744 5021 4209 9300 5305 2694 7626 3045 4382 3234 5506 3081 548 5897 3287 6019 7899
21 3024 8574 4717 7483 2116 6655 999 3397 9616 8347 4765 4513 2701 6233 4488 2223 3322 3792 1898 392 626
27 6155 8784 5626 9819 348 5557 3305 4293 281 7754 3474 8334 6682 4881 5052 3912 8060 139 6511 5594 5190 6592 1044 4484 9184 8959 4145
16 7117 9282 8588 6474 2937 9842 1968 6172 9248 5684 5394 7809 6520 7219 587 2441
20 3176 248 2717 2330 2246 9240 2154 6415 9955 6505 8673 4578 2433 6628 3820 5505 6768 3633 5159 566
22 9495 3557 2663 4913 2556 1364 8746 2645 6728 614 1882 1486 8927 9895 9279 885 1437 4129 966 6096 8607 707
24 6168 3947 1260 7174 6222 5452 9238 9420 6451 6064 6810 9498 6083 4710 2068 9506 7124 471 6564 1442 4728 1473 170 5723
29 6159 2626 1995 3200 4250 9064 6814 896 9165 3669 5782 4787 1603 1012 1396 112 909 4890 5733 676 973 7408 9099 3407 9391 3488 5499 2623 4311
25 2230 41 7580 6749 4115 3370 7840 1369 2602 3429 7080 6120 8793 4898 7313 5805 1388 9245 8358 6899 73 2683 2880 1001 9796
18 9503 7102 7787 2799 8236 671 2217 5169 1458 5770 7843 7194 8650 1781 5166 4025 8478 8422
17 4467 6793 4012 1905 22 9091 4597 3521 4754 6667 340 9174 7157 8441 6148 4641 5230
27 8892 8434 6550 8795 1079 8030 4400 3434 2220 7078 6769 7178 518 6281 5357 288 2708 2868 2317 3109 2929 9243 705 9668 9024 6364 9673
18 873 6306 4235 7402 6829 5258 8971 6869 7128 7304 3357 2855 5127 2604 4354 3126 1454 2410
26 8548 3821 718 640 9712 4990 2187 1098 9028 7516 7542 21 7262 5023 5587 6778 5925 9218 8812 2155 8769 4972 4691 9120 1602 6063
18 6455 2198 6413 9450 330 531 5660 7729 4105 4353 4634 3673 3271 4358 4457 5117 3973 7025
29 8978 5757 9705 3616 5107 3993 1886 2126 2675 8062 979 3859 5062 6085 1767 2851 5739 9958 4155 632 4738 7979 4797 7059 2554 3080 9215 5476 5125
12 6875 3017 7444 1289 4176 226 5549 1878 6291 5485 59 8217
30 4112 5025 7557 381 2952 2900 2613 3482 9284 7143 9624 4470 5004 6862 3808 322 7875 1265 6860 9201 5010 9088 269 746 5269 6045 9277 8674 5939 5543
18 8203 2657 1830 9654 5783 3082 4366 1246 9699 160 2022 1091 7450 265 1619 2606 6434 7586
27 3773 47 5917 3778 2360 9408 1476 8401 1639 9322 4486 304 26 2358 5068 3195 8003 8280 5840 7105 1126 1085 7983 1095 7001 6458 5944
8 4575 209 1399 8389 7946 9129 811 8171
20 3291 6684 3547 8872 1501 6863 4632 1567 3331 8336 6077 2655 8839 5144 630 4392 3671 3522 4695 7714
16 7347 7149 4768 5958 7819 5565 6846 5558 8360 2256 2582 9398 6761 3492 2152 6241
10 3910 1640 5668 4587 5267 2831 5579 1110 6344 1855
8 7314 856 9037 4063 5914 2439 3163 2887
16 4624 1233 9951 1685 225 8151 9833 872 7295 3581 8818 6065 7310 8925 3238 1931
19 3362 9754 3213 2955 6733 547 1770 9431 5035 954 6577 8455 7487 2823 6007 1403 9061 8519 2271
17 8573 9105 4520 9337 8532 5852 7063 2500 8215 2050 7181 5560 8707 5130 2786 4018 8098
13 8786 8536 7434 5371 3330 787 4500 4095 9294 3349 1191 3712 1805
14 3317 5120 8348 7534 3657 9896 7822 7680 5247 4264 800 863 9148 7581
13 6192 7465 3108 3966 6076 2288 1659 5410 4315 6959 790 9545 2770
28 9806 7236 5712 3615 3038 617 7477 5426 5514 2612 8562 6157 2051 3416 6043 6604 2700 7797 6528 6827 1673 8417 3153 6766 6099 4968 4779 3857
27 8224 3594 6101 5043 177 4888 969 8644 9264 8051 5329 2841 2089 7842 8749 6773 875 4210 9047 7426 4967 3128 8488 4393 7138 4057 5571
19 2074 4372 2585 4326 8243 4699 3981 4884 9074 6114 2863 4473 4044 1870 1649 7331 2294 6027 9515
9 5748 6922 8791 6985 7684 3178 8875 3517 7482
21 5540 57 4409 8188 5576 5603 1299 9687 4916 6406 2715 2344 914 7385 5524 2030 1329 2101 1703 2822 5296
23 1177 6425 7668 7438 9858 2924 949 8645 1117 5105 7407 9790 1736 5350 1974 5175 2405 1894 2258 6489 9600 6212 616
19 2495 290 6739 8368 6705 9710 2304 2652 9812 2107 1799 3765 4426 8911 7091 3902 6105 1140 722
22 1970 6048 3958 8597 5622 3623 3829 6056 6104 5801 4075 453 7735 8387 1446 1361 2487 3179 2815 4339 3185 5538
25 7975 2904 8521 6634 9065 4123 9070 5070 2693 2 3039 9583 7125 5728 8829 8201 5 5912 7826 7307 4383 1147 70 6750 181
23 730 95 4410 9620 3879 3477 8785 1864 8028 9160 3967 4073 279 5986 4454 4565 2269 54 522 6872 7577 5973 795
14 1955 7243 7277 6652 9138 461 4491 4866 6885 7392 4515 9994 2633 1555
16 2782 1500 8187 2033 1613 9075 2453 4584 1787 8788 1379 2564 6693 1195 3500 465
18 150 5686 7193 529 9134 159 3524 1779 9370 9441 8125 1061 5325 2450 702 9811 2130 224
27 720 7867 6392 2041 5656 8367 9242 709 3867 6582 8109 6443 7341 5278 8004 7510 3630 3376 9009 6791 5936 571 7519 944 8838 3069 2208
12 8440 5347 2787 5674 3290 6374 7679 4773 6571 6452 1027 2502
20 9543 6718 7554 665 2570 2600 1046 2527 3646 5632 4559 8705 6171 1296 6142 154 2389 9605 3344 923
11 9636 4396 5495 6313 4331 4274 5564 2541 7835 8913 5147
17 9078 4807 7884 6009 5382 5221 9379 7627 5786 5249 1034 1136 4165 6225 1400 229 8278
25 8198 4920 6186 4658 633 7134 74 7873 2192 4892 2241 2909 4711 2218 8475 2142 3352 195 8013 9518 7767 2692 7540 3298 7937
23 3541 7876 6856 3036 5799 5124 2314 636 355 395 2438 1328 4440 4906 7100 1072 2834 8946 605 1390 6573 2100 6288
8 2718 9501 2968 9013 9336 3665 4350 3032
10 409 9483 4333 5772 2481 1594 6461 4909 5046 1150
7 364 7635 2365 5607 124 2496 2620
11 332 376 7411 6066 6902 6746 4496 6696 8212 6447 4941
9 5887 5756 8609 5952 189 2023 280 1461 3341
13 6879 434 809 9902 8476 7723 2215 745 8172 8558 2795 4181 8726
6 2780 1550 476 6349 6158 3631
25 4507 7686 2059 8176 4503 6832 9077 8638 5211 2319 3186 4518 1310 8881 6431 5339 7545 5916 4680 4422 1549 9771 5311 2610 5547
13 4665 6245 3453 1215 4966 9195 4356 9963 1220 4302 8857 7296 4646
16 9805 7446 3114 2751 6397 3448 7012 6400 6691 4923 1760 8269 1849 7951 5855 2203
16 4502 2216 3414 7203 6719 8909 8687 4594 6751 6223 4317 2349 6153 6112 2138 1210
6 5541 6058 2982 2660 2516 5672
19 8382 9382 8653 9527 7245 1631 5238 3901 7234 3157 4406 8926 5411 6779 2452 4988 8958 6530 6090
23 7249 8554 4938 3232 643 7971 1539 612 5582 9919 7708 6945 2911 7238 2222 2029 2427 3658 460 8999 900 8371 6465
25 4761 507 7682 5279 3622 8956 1896 509 4224 880 5340 3241 5216 8270 6014 5195 6180 4945 570 2195 324 7349 5198 8865 1939
26 1804 6430 5628 1494 115 6163 5033 2921 4114 2281 3757 3963 4096 695 7807 537 8199 4517 7584 45 3019 1793 4542 8923 6595 2276
13 9874 4050 5240 8079 9751 1346 8300 7613 446 8507 7814 729 4490
5 8351 3816 7683 5779 4887
22 8157 4107 8831 7759 767 8981 2702 8864 1960 1861 5140 3150 7352 5326 7447 4572 5546 3427 4288 7681 648 0
14 8835 6012 4585 1319 9933 7155 4771 8754 7514 4956 452 9787 5653 3586
25 6536 9557 2000 8273 5082 7315 8506 9073 8339 1871 3339 8545 6861 887 9978 4468 2619 1238 7559 2704 2976 4795 9552 6073 4156
21 9744 3325 1746 6283 3247 584 2796 4125 776 6629 8166 4464 6318 1611 727 5518 9063 1426 5894 5202 2032
23 3866 5699 3915 6615 169 7901 3530 4147 5878 1428 2923 4388 7782 1666 6315 7336 1103 3653 4726 4702 2521 7183 1456
25 7373 4940 1355 3124 5170 5100 8631 3469 7381 6963 3443 4060 5139 4912 8669 3660 9181 9653 162 7670 6524 8634 2707 5613 8994
23 5017 8747 6969 646 1453 1062 425 2565 2630 3216 5083 232 5502 1622 4831 1375 2489 8365 3456 4412 8636 5896 3480
27 9631 1777 3057 4749 3775 993 1160 1716 8952 350 9378 8470 8906 9967 1262 8248 3144 5987 6050 7225 5800 9465 5435 3035 2113 1115 5225
28 7430 1508 9872 8298 2954 8486 4117 5534 8502 7594 5692 8268 2501 8067 733 6996 6006 9416 7388 4960 9959 4612 1577 5797 4760 9067 7673 3723
25 5285 956 35 9209 2385 2320 379 285 6857 754 7220 9142 4251 4265 7583 5589 2038 3806 4239 5588 7478 911 6273 9977 8210
17 3830 9353 6356 4139 8742 2404 826 9151 4834 7830 5134 6312 9706 2990 2099 8332 5390
23 1527 1518 9657 1667 992 4713 2075 8500 7422 8182 4675 3356 1307 1953 3551 4419 2069 4416 2145 3224 5294 8301 2508
6 4349 1580 4101 6886 6896 1880
17 6265 7312 8093 3420 761 3636 4607 8761 8996 6301 1911 8540 126 5420 3142 5271 7760
24 3263 6021 1430 2984 9272 6297 1431 1819 3 1275 2340 361 9674 7095 3320 9308 5454 7257 7290 6317 8877 9650 8163 8535
25 428 4558 7710 161 4958 7808 2108 9516 1282 3372 10 3776 9163 4430 1786 815 9802 5826 418 1575 7955 3914 5439 8613 9614
27 1313 1503 5351 8034 6638 6399 8998 516 7614 5519 3556 8916 991 7046 2563 3413 7897 5203 6651 3125 8714 8802 148 1452 2492 7527 7223
16 5562 3750 5041 736 2850 467 8107 3296 7736 466 7776 68 2865 3310 9259 8122
16 4673 9769 1723 5539 5263 292 1553 876 2875 2206 7659 5154 6184 7718 1926 7773
21 3462 802 7172 9164 8042 92 9737 5260 6178 7267 7630 1772 1058 1740 3844 4252 5331 9332 664 4375 1118
5 1223 306 9921 6322 1359
15 8448 266 7922 9537 2745 1846 5899 8014 3085 4722 4329 4700 8216 4157 805
26 3490 3605 9524 8110 9546 9394 2790 2906 9729 938 1656 4330 4033 9136 4190 859 9877 7800 9865 8443 5414 323 4563 4886 8622 8874
14 5516 3058 9492 7663 380 6082 4270 7271 8895 2332 3999 4312 3824 1087
22 7666 4629 5437 230 6681 8883 4204 1073 8127 5421 116 4191 7892 1483 9443 8467 3698 9676 1514 6246 8463 2273
26 7255 6818 3906 4615 704 5374 5298 9082 819 9479 8431 5233 7505 4715 9755 8778 2801 1858 3248 3275 1903 6534 2821 1958 4446 9172
31 8338 3411 3921 164 102 5724 2377 7466 7081 1051 6883 6708 3894 11 2139 243 5157 5747 331 8196 3713 6837 393 6723 9271 2629 2259 6051 757 1254 8847
16 2973 9254 846 753 7479 629 7576 4528 3809 9905 3464 8275 302 8654 759 8178
20 6420 5158 2653 4636 4532 2040 2468 5317 581 5877 6055 8045 5759 3087 5418 1244 5834 7202 2940 398
26 9045 4826 2916 1106 3194 3181 4328 7764 1417 862 5301 4499 8136 561 134 7734 8822 6636 7930 6611 7241 7539 3626 3819 926 1722
19 168 5711 1902 3970 1109 3203 397 2885 1348 8416 384 8061 6224 1623 5918 5974 9058 9773 948
29 5090 7323 9871 32 9610 5690 7387 934 3621 6218 777 4453 4625 5992 433 9533 6286 9730 5741 8002 3485 706 1161 9339 3886 1938 2326 2090 5063
24 5829 830 9182 3721 2578 4792 8245 6548 9593 7326 7192 6539 6590 3353 6675 9786 888 9415 5726 747 5657 7214 7374 4140
27 4720 3783 6927 9276 4119 8485 1391 1930 7857 4821 5268 5470 1065 5778 53 8738 8584 3452 8392 5078 5774 7431 9417 7739 5926 4305 828
25 533 1601 8155 9127 3098 2045 8560 4347 6907 9644 5133 9023 7062 3968 184 1171 9664 1615 6760 7390 6621 8282 635 818 3097
11 9633 6645 1294 3513 3227 2648 2346 3715 4759 8001 3380
17 9815 5012 7246 9068 4384 1412 9566 121 1069 387 4456 6642 6463 7359 7953 6348 9916
12 9628 1843 2639 4065 4046 929 816 4893 7990 1064 9993 3588
18 6360 6567 881 7988 8038 6898 2931 3470 4809 3473 8010 9372 3771 7756 1374 1213 6955 7011
18 9926 8146 4973 660 4709 40 8288 4314 2670 2740 8961 2308 2499 5492 4229 2251 4649 6603
3 6547 9738 7110
17 2399 9575 2333 986 6871 1152 6784 3793 4552 7532 1433 6378 9534 78 6995 5950 4325
6 6942 3666 9190 5091 7742 9374
25 655 6000 4291 7208 6809 8094 9505 249 7305 4343 6806 4777 714 1714 2364 1538 968 2381 6568 4671 9599 8046 8893 9637 4040
20 9640 9735 4403 2076 6279 3798 3751 6363 3447 3508 7995 3523 6227 721 7688 4363 2211 4554 7824 263
20 9586 2181 4643 7856 8737 9101 2395 6579 3258 7724 3314 6103 2086 2417 8126 1499 5292 6940 8141 5975
27 498 2180 5375 4256 8263 7562 1589 2393 3710 8134 8807 6678 6495 8250 1291 8381 2494 6561 2257 1397 9551 7589 1366 7676 7863 5312 2818
11 1240 4028 8194 3940 1859 2515 3754 7726 2901 8814 1339
23 3083 210 2997 141 369 9388 4113 1891 1464 6488 1383 256 4919 3674 3391 2991 198 4573 1258 9008 5836 4977 3611
21 1206 4965 1561 8063 3428 9816 8833 7130 201 9086 1164 2965 4514 6720 8744 1080 2372 6401 488 5616 1306
5 5777 2167 3539 7391 7235
12 135 5816 5662 1331 5457 8809 7894 3854 6591 6482 5937 321
27 9297 9625 354 2044 560 9655 2810 5550 9268 4111 6253 1688 8383 2153 5313 4000 9350 703 6091 6787 3301 6355 2165 5623 3863 9918 9329
30 7000 1460 6398 1281 5695 3451 546 3648 1016 8721 7566 6730 9490 357 6609 6339 3979 7653 738 3000 2097 496 5397 8405 3944 8626 3978 7184 9123 9736
14 69 5602 2352 4450 7778 5907 8743 4340 2631 3351 4442 9049 8891 8156
15 3875 6984 6512 7558 2969 8945 52 9724 9157 936 4688 7599 3152 8442 5979
23 3050 4602 4914 4555 7263 674 8058 6067 1979 6699 4043 2532 4626 6543 577 2616 5319 2475 1798 4983 5688 8538 5665
3 4830 2741 5982
13 3544 6402 7191 9836 8505 3210 202 3672 7462 2205 7781 7101 3088
10 4011 9312 7031 6295 7358 5467 9887 1935 82 4865
9 4482 895 8306 6358 8195 6715 2073 910 6494
13 4285 3191 2077 4652 7912 6805 9928 6121 1248 8159 3031 1591 6527
25 6029 2036 4704 6280 6956 4300 514 5702 5995 7924 9734 2722 37 7024 4032 8432 7107 9448 4175 2001 3033 3932 6606 5362 5758
22 9485 6503 2927 6537 1509 3770 4195 8851 3851 2234 4550 6235 9758 9083 4810 2772 63 5110 4755 6936 9048 3887
15 1326 8796 2140 9761 1023 1533 5633 8349 7518 3015 2219 8888 4296 2322 3402
8 8816 9954 1744 4005 1680 3571 6492 8582
11 1997 2212 8048 5355 6632 192 3695 1694 3388 4160 5244
21 2440 656 4659 6336 6698 2884 7837 6367 1504 7749 5670 7750 1741 8344 4647 3511 1011 2687 335 7838 5573
14 3475 9477 8529 6597 454 6808 2272 6036 2375 1876 9110 5919 1155 9530
12 9109 2178 6213 7118 1211 711 138 6868 7610 283 9867 2445
21 8285 6316 8772 3807 1587 2817 8378 444 2270 1429 2048 2248 7967 2309 6290 8571 3898 9168 8311 1207 1304
24 448 8085 1913 5241 5116 3624 4689 7900 4654 6605 1395 4770 4978 9697 8495 3525 609 7244 5781 4287 7836 7057 7133 6439
14 6128 1491 7211 1733 6639 9561 6659 3146 6238 4492 8762 8948 8106 4750
20 780 9314 9497 6062 6962 5451 1791 484 4608 2109 7588 2197 7753 6276 6878 2347 411 6895 5731 807
11 5732 5291 6967 3439 23 1083 9365 4402 1185 1158 7600
29 2425 4016 1201 5428 5766 1441 7642 8694 7048 1048 9849 6181 7205 3293 8415 6137 3010 7549 6174 2150 4051 5618 9197 5928 1952 901 5659 6840 4662
28 8823 1873 7034 4854 9846 7216 2260 1943 193 2568 2057 5040 9574 2808 4692 6444 8049 261 7076 2943 4234 850 2149 3132 8561 8139 9764 9829
15 1186 1465 9538 1324 9647 1937 3230 6230 8677 8658 7660 7079 3734 762 9097
19 6069 2635 4297 5601 9678 8523 3952 2867 7592 8662 2373 4523 9489 9124 246 8454 2196 3656 2691
9 7874 8192 2678 8592 653 3324 2491 7524 737
7 2497 9345 1529 174 108 5446 6113
12 9562 4141 1381 2354 4505 2127 7 5989 1478 4697 7906 9970
13 4003 2323 1762 8695 374 1595 7453 628 4192 389 1327 3218 6260
10 9289 3760 6166 3941 7481 1086 2103 2210 1084 3928
23 4657 4024 7256 9159 7169 4879 1872 6386 6848 7006 6974 6830 4218 3982 9688 7675 8305 9791 7980 5432 4041 6323 3229
27 497 8854 2482 2434 5838 353 3155 352 6674 1448 7440 9225 1753 1116 3568 7292 7839 556 6510 3385 9455 3954 3020 2133 6569 8884 7795
7 7690 378 2919 4034 9964 6460 4796
13 9702 7785 921 2290 2407 897 9328 1934 3610 1420 8755 517 6517
11 4405 1146 2186 80 1092 4116 8880 6302 9290 3781 5376
14 3566 1487 1143 1322 3920 4053 8907 5823 2953 5142 2637 438 4778 5265
24 9795 7883 6119 6133 3904 4775 4159 4019 3846 2137 924 5911 2854 5309 6556 940 2027 1957 1927 8908 562 1658 8879 4127
12 5620 7464 4915 5921 5789 5570 7780 4721 1280 2886 9749 3791
26 3565 3026 6601 7548 8806 3099 4828 6925 536 9001 2621 3501 9941 732 2189 1253 2936 6637 2091 9253 8066 2853 2080 3002 371 7069
26 6771 982 422 2930 3326 6946 6333 8160 582 7791 5191 8750 5512 7461 2785 2757 9762 2226 750 5531 7696 7606 4729 8232 8363 7783
12 1386 2686 657 9962 2966 6610 8202 593 8866 2170 690 3514
25 3680 1496 6274 4045 7515 4031 3946 2315 3722 2614 151 9716 2947 7798 8281 7725 5149 8041 4081 1936 6300 4308 4962 8941 3386
27 1963 7994 7811 1644 2415 6041 6345 4856 8624 1283 6396 1450 3484 4076 3916 2728 503 681 988 7981 8765 8515 3415 9703 5395 1966 2773
16 1755 9375 2160 8324 9539 2866 8162 1268 312 479 1848 792 4197 5874 4185 4133
15 7380 9273 8719 3214 7175 5165 4254 7765 5056 2194 1662 5024 4445 7985 8898
12 9743 6538 2776 1537 1942 6882 7415 2052 3454 7972 1093 9990
23 8940 2654 1168 8780 5101 4921 8293 6375 1029 9709 684 7419 5416 5595 2666 2723 1708 3040 5972 6368 2961 9311 7766
8 9579 4944 1179 5323 3505 8148 7389 2758
13 6764 2470 9429 907 2386 1862 6737 7316 3225 9580 2550 4286 3043
19 2245 3116 3468 8970 6476 6268 8659 7383 6086 1321 2469 3303 9343 79 9555 3520 2224 2221 6613
30 9464 6648 9564 2011 3930 6156 1045 8928 9694 2104 9361 3221 1217 7018 9080 5722 9946 4501 1678 1036 1895 8716 4180 783 1043 5718 8327 6271 6997 2813
10 9002 4544 3190 8116 6013 4971 1193 808 4734 7909
16 7442 1175 241 1349 1169 9019 3926 1616 6624 4670 2962 7074 1149 8683 443 5931
12 984 9033 3102 9156 6197 1922 5745 9875 2888 3041 3264 2897
23 7190 4645 8595 2543 847 8237 2835 9785 3714 594 8992 9293 1990 2617 3804 8859 4108 9439 8861 9507 840 2862 1343
20 8059 4318 85 9381 7503 6999 9208 4628 8064 7560 9780 2721 1535 9488 9119 1385 2902 3184 579 4374
18 3542 6357 5344 8667 6379 3782 9368 255 6622 9739 450 3481 7056 6278 7204 9567 3836 4683
20 7152 853 9062 9027 7014 9584 6389 8741 9029 103 1342 1035 5490 9663 3131 642 6890 5683 5978 8374
26 1845 9475 9035 7010 294 4638 5998 8491 9141 6866 2345 3323 4259 6130 539 4684 7541 7973 3355 5392 5126 9590 9931 8295 3797 6365
4 1245 1352 7425 2053
26 6647 6094 6904 4566 2479 83 3661 366 7298 8997 2087 3446 4619 1068 7500 7893 5832 1249 7625 8053 5935 7087 3369 5443 7943 1006
20 7847 6247 3685 8820 8830 4106 8649 4093 6774 3913 5320 5966 309 2012 4524 9587 3504 4303 2806 7375
23 415 8101 867 9950 8103 8494 7949 5527 3977 8516 6522 7944 6707 8390 2545 5980 3431 1156 4284 8468 8279 1701 1038
23 5036 1181 4355 485 8296 5709 5386 2037 1308 5704 4620 7646 1463 972 1124 3223 5873 1157 8837 5048 4918 1052 2408
14 8112 4862 2797 821 3133 3086 9883 5177 6028 7959 9467 6981 4951 2755
11 3366 1745 1081 8827 9089 6134 9221 6824 5104 8817 2430
6 8615 4070 3955 3059 7771 8000
23 7386 6570 1443 4398 3896 4249 2534 6619 5583 274 6459 9237 7531 2413 8676 94 7942 3563 2002 8180 5544 1060 9878
